2026-04-18 20:30:47 INFO api server_start host=127.0.0.1 port=57866 project_id=smoke-project
2026-04-18 20:30:48 INFO api server_message message="GET /health HTTP/1.1" 200 - project_id=smoke-project
2026-04-18 20:30:48 INFO api request_complete duration_ms=0 method=GET path=/health project_id=smoke-project status=200
2026-04-18 20:30:48 INFO api server_message message="GET /project/config HTTP/1.1" 200 - project_id=smoke-project
2026-04-18 20:30:48 INFO api request_complete duration_ms=0 method=GET path=/project/config project_id=smoke-project status=200
2026-04-18 20:30:48 INFO api server_message message="GET /functions?binary_id=sample-binary HTTP/1.1" 200 - project_id=smoke-project
2026-04-18 20:30:48 INFO api request_complete duration_ms=14 method=GET path=/functions?binary_id=sample-binary project_id=smoke-project status=200
2026-04-18 20:30:48 INFO api server_message message="GET /functions/sample-binary/fn_main HTTP/1.1" 200 - project_id=smoke-project
2026-04-18 20:30:48 INFO api request_complete duration_ms=1 method=GET path=/functions/sample-binary/fn_main project_id=smoke-project status=200
2026-04-18 20:30:48 INFO api server_message message="GET /structures?binary_id=sample-binary HTTP/1.1" 200 - project_id=smoke-project
2026-04-18 20:30:48 INFO api request_complete duration_ms=1 method=GET path=/structures?binary_id=sample-binary project_id=smoke-project status=200
2026-04-18 20:30:48 INFO api server_message message="GET /global-hypotheses HTTP/1.1" 200 - project_id=smoke-project
2026-04-18 20:30:48 INFO api request_complete duration_ms=1 method=GET path=/global-hypotheses project_id=smoke-project status=200
2026-04-18 20:30:48 INFO api server_message message="GET /evidence?entity_type=function&entity_id=fn_main HTTP/1.1" 200 - project_id=smoke-project
2026-04-18 20:30:48 INFO api request_complete duration_ms=1 method=GET path=/evidence?entity_type=function&entity_id=fn_main project_id=smoke-project status=200
2026-04-18 20:30:48 INFO api server_message message="GET /relations?entity_type=function&entity_id=fn_main&direction=both HTTP/1.1" 200 - project_id=smoke-project
2026-04-18 20:30:48 INFO api request_complete duration_ms=0 method=GET path=/relations?entity_type=function&entity_id=fn_main&direction=both project_id=smoke-project status=200
2026-04-18 20:30:48 INFO api server_message message="GET /related?entity_type=function&entity_id=fn_main&hops=1 HTTP/1.1" 200 - project_id=smoke-project
2026-04-18 20:30:48 INFO api request_complete duration_ms=1 method=GET path=/related?entity_type=function&entity_id=fn_main&hops=1 project_id=smoke-project status=200
2026-04-18 20:30:48 INFO services pending_created entity_id=fn_helper entity_type=function operation=upsert_function pending_change_id=d1039a39-5034-4154-be37-02ef2407bd5b project_id=smoke-project
2026-04-18 20:30:48 INFO api server_message message="POST /functions HTTP/1.1" 202 - project_id=smoke-project
2026-04-18 20:30:48 INFO api request_complete duration_ms=7 method=POST path=/functions project_id=smoke-project status=202
2026-04-18 20:30:48 INFO api server_message message="GET /pending-changes HTTP/1.1" 200 - project_id=smoke-project
2026-04-18 20:30:48 INFO api request_complete duration_ms=8 method=GET path=/pending-changes project_id=smoke-project status=200
2026-04-18 20:30:48 INFO services function_upserted actor_type=user address=0x401100 binary_id=sample-binary function_id=fn_helper mode=clean project_id=smoke-project
2026-04-18 20:30:48 INFO services pending_confirmed actor_type=user operation=upsert_function pending_change_id=d1039a39-5034-4154-be37-02ef2407bd5b project_id=smoke-project
2026-04-18 20:30:48 INFO api server_message message="POST /pending-changes/d1039a39-5034-4154-be37-02ef2407bd5b/confirm HTTP/1.1" 201 - project_id=smoke-project
2026-04-18 20:30:48 INFO api request_complete duration_ms=9 method=POST path=/pending-changes/d1039a39-5034-4154-be37-02ef2407bd5b/confirm project_id=smoke-project status=201
2026-04-18 20:30:48 INFO api server_message message="POST /search HTTP/1.1" 200 - project_id=smoke-project
2026-04-18 20:30:48 INFO api request_complete duration_ms=9 method=POST path=/search project_id=smoke-project status=200
2026-04-18 20:30:48 INFO api server_message message="GET /health HTTP/1.1" 200 - project_id=smoke-project
2026-04-18 20:30:48 INFO api request_complete duration_ms=0 method=GET path=/health project_id=smoke-project status=200
2026-04-18 20:30:48 INFO api server_message message="GET /health HTTP/1.1" 200 - project_id=smoke-project
2026-04-18 20:30:48 INFO api request_complete duration_ms=0 method=GET path=/health project_id=smoke-project status=200
2026-04-18 20:30:49 INFO api server_message message="GET /health HTTP/1.1" 200 - project_id=smoke-project
2026-04-18 20:30:49 INFO api request_complete duration_ms=0 method=GET path=/health project_id=smoke-project status=200
2026-04-18 20:30:49 INFO api server_message message="GET /health HTTP/1.1" 200 - project_id=smoke-project
2026-04-18 20:30:49 INFO api request_complete duration_ms=0 method=GET path=/health project_id=smoke-project status=200
2026-04-18 20:30:50 INFO api server_message message="GET /health HTTP/1.1" 200 - project_id=smoke-project
2026-04-18 20:30:50 INFO api request_complete duration_ms=0 method=GET path=/health project_id=smoke-project status=200
2026-04-18 20:30:51 INFO api server_message message="GET /ui/ HTTP/1.1" 200 - project_id=smoke-project
2026-04-18 20:30:51 INFO api request_complete duration_ms=3 method=GET path=/ui/ project_id=smoke-project status=200
2026-04-18 20:30:51 INFO api server_message message="GET /ui/?lang=ru HTTP/1.1" 200 - project_id=smoke-project
2026-04-18 20:30:51 INFO api request_complete duration_ms=2 method=GET path=/ui/?lang=ru project_id=smoke-project status=200
2026-04-18 20:30:51 INFO api server_message message="GET /ui/functions/new HTTP/1.1" 200 - project_id=smoke-project
2026-04-18 20:30:51 INFO api request_complete duration_ms=0 method=GET path=/ui/functions/new project_id=smoke-project status=200
2026-04-18 20:30:51 INFO api server_message message="GET /ui/structures/new HTTP/1.1" 200 - project_id=smoke-project
2026-04-18 20:30:51 INFO api request_complete duration_ms=0 method=GET path=/ui/structures/new project_id=smoke-project status=200
2026-04-18 20:30:51 INFO api server_message message="GET /ui/search?q=main_handler&entity_type=function HTTP/1.1" 200 - project_id=smoke-project
2026-04-18 20:30:51 INFO api request_complete duration_ms=3 method=GET path=/ui/search?q=main_handler&entity_type=function project_id=smoke-project status=200
2026-04-18 20:30:51 INFO api server_message message="GET /ui/functions/sample-binary/fn_main HTTP/1.1" 200 - project_id=smoke-project
2026-04-18 20:30:51 INFO api request_complete duration_ms=2 method=GET path=/ui/functions/sample-binary/fn_main project_id=smoke-project status=200
2026-04-18 20:30:51 INFO api server_message message="GET /ui/functions/sample-binary/fn_main/history HTTP/1.1" 200 - project_id=smoke-project
2026-04-18 20:30:51 INFO api request_complete duration_ms=1 method=GET path=/ui/functions/sample-binary/fn_main/history project_id=smoke-project status=200
2026-04-18 20:30:51 INFO api server_message message="GET /ui/global-hypotheses/new HTTP/1.1" 200 - project_id=smoke-project
2026-04-18 20:30:51 INFO api request_complete duration_ms=0 method=GET path=/ui/global-hypotheses/new project_id=smoke-project status=200
2026-04-18 20:30:51 INFO api server_message message="GET /ui/pending HTTP/1.1" 200 - project_id=smoke-project
2026-04-18 20:30:51 INFO api request_complete duration_ms=1 method=GET path=/ui/pending project_id=smoke-project status=200
2026-04-18 20:30:51 INFO api server_message message="GET /ui/audit HTTP/1.1" 200 - project_id=smoke-project
2026-04-18 20:30:51 INFO api request_complete duration_ms=5 method=GET path=/ui/audit project_id=smoke-project status=200
2026-04-18 20:30:51 INFO ui structure_form_submit mode=new project_id=smoke-project structure_id=struct_form_pending write_mode=confirm
2026-04-18 20:30:51 INFO services pending_created entity_id=struct_form_pending entity_type=structure operation=upsert_structure pending_change_id=3e9c42eb-d1a9-4c1d-9bd1-6ad5eedcae70 project_id=smoke-project
2026-04-18 20:30:51 INFO ui structure_form_queued project_id=smoke-project structure_id=struct_form_pending
2026-04-18 20:30:51 INFO api server_message message="POST /ui/structures/new HTTP/1.1" 303 - project_id=smoke-project
2026-04-18 20:30:51 INFO api request_complete duration_ms=8 method=POST path=/ui/structures/new project_id=smoke-project status=303
2026-04-18 20:30:51 INFO api server_message message="GET /ui/pending?flash=queued&lang=en HTTP/1.1" 200 - project_id=smoke-project
2026-04-18 20:30:51 INFO api request_complete duration_ms=7 method=GET path=/ui/pending?flash=queued&lang=en project_id=smoke-project status=200
2026-04-18 20:30:51 INFO ui global_hypothesis_form_submit hypothesis_id=gh_form_pending mode=new project_id=smoke-project write_mode=confirm
2026-04-18 20:30:51 INFO services pending_created entity_id=gh_form_pending entity_type=global_hypothesis operation=upsert_global_hypothesis pending_change_id=52c1766f-e75a-4649-8346-c6b4b802995a project_id=smoke-project
2026-04-18 20:30:51 INFO ui global_hypothesis_form_queued hypothesis_id=gh_form_pending project_id=smoke-project
2026-04-18 20:30:51 INFO api server_message message="POST /ui/global-hypotheses/new HTTP/1.1" 303 - project_id=smoke-project
2026-04-18 20:30:51 INFO api request_complete duration_ms=4 method=POST path=/ui/global-hypotheses/new project_id=smoke-project status=303
2026-04-18 20:30:51 INFO api server_message message="GET /ui/pending?flash=queued&lang=en HTTP/1.1" 200 - project_id=smoke-project
2026-04-18 20:30:51 INFO api request_complete duration_ms=6 method=GET path=/ui/pending?flash=queued&lang=en project_id=smoke-project status=200
2026-04-18 20:30:51 INFO services pending_created entity_id=fn_html_helper entity_type=function operation=upsert_function pending_change_id=da23dc36-b645-49ee-8753-4b54bd41f610 project_id=smoke-project
2026-04-18 20:30:51 INFO api server_message message="POST /functions HTTP/1.1" 202 - project_id=smoke-project
2026-04-18 20:30:51 INFO api request_complete duration_ms=4 method=POST path=/functions project_id=smoke-project status=202
2026-04-18 20:30:51 INFO services function_upserted actor_type=user address=0x401180 binary_id=sample-binary function_id=fn_html_helper mode=clean project_id=smoke-project
2026-04-18 20:30:51 INFO services pending_confirmed actor_type=user operation=upsert_function pending_change_id=da23dc36-b645-49ee-8753-4b54bd41f610 project_id=smoke-project
2026-04-18 20:30:51 INFO ui pending_confirmed pending_change_id=da23dc36-b645-49ee-8753-4b54bd41f610 project_id=smoke-project
2026-04-18 20:30:51 INFO api server_message message="POST /ui/pending/da23dc36-b645-49ee-8753-4b54bd41f610/confirm HTTP/1.1" 303 - project_id=smoke-project
2026-04-18 20:30:51 INFO api request_complete duration_ms=15 method=POST path=/ui/pending/da23dc36-b645-49ee-8753-4b54bd41f610/confirm project_id=smoke-project status=303
2026-04-18 20:30:51 INFO api server_message message="GET /ui/pending?flash=confirmed&lang=en HTTP/1.1" 200 - project_id=smoke-project
2026-04-18 20:30:51 INFO api request_complete duration_ms=7 method=GET path=/ui/pending?flash=confirmed&lang=en project_id=smoke-project status=200
2026-04-18 20:30:55 INFO api server_start host=127.0.0.1 port=57866 project_id=smoke-project
2026-04-18 20:30:56 INFO api server_message message="GET /health HTTP/1.1" 200 - project_id=smoke-project
2026-04-18 20:30:56 INFO api request_complete duration_ms=0 method=GET path=/health project_id=smoke-project status=200
2026-04-18 20:30:57 INFO api server_message message="GET /health HTTP/1.1" 200 - project_id=smoke-project
2026-04-18 20:30:57 INFO api request_complete duration_ms=0 method=GET path=/health project_id=smoke-project status=200
2026-04-18 20:30:57 INFO api server_start host=127.0.0.1 port=57866 project_id=smoke-project
2026-04-18 20:30:57 INFO api server_message message="GET /health HTTP/1.1" 200 - project_id=smoke-project
2026-04-18 20:30:57 INFO api request_complete duration_ms=0 method=GET path=/health project_id=smoke-project status=200
2026-04-18 20:30:58 INFO api server_message message="GET /health HTTP/1.1" 200 - project_id=smoke-project
2026-04-18 20:30:58 INFO api request_complete duration_ms=0 method=GET path=/health project_id=smoke-project status=200
