2026-04-18 20:10:48 INFO api server_start host=127.0.0.1 port=18765 project_id=smoke-project
2026-04-18 20:10:49 INFO api server_message message="GET /health HTTP/1.1" 200 - project_id=smoke-project
2026-04-18 20:10:49 INFO api request_complete duration_ms=0 method=GET path=/health project_id=smoke-project status=200
2026-04-18 20:10:49 INFO api server_message message="GET /project/config HTTP/1.1" 200 - project_id=smoke-project
2026-04-18 20:10:49 INFO api request_complete duration_ms=0 method=GET path=/project/config project_id=smoke-project status=200
2026-04-18 20:10:49 INFO api server_message message="GET /functions?binary_id=sample-binary HTTP/1.1" 200 - project_id=smoke-project
2026-04-18 20:10:49 INFO api request_complete duration_ms=13 method=GET path=/functions?binary_id=sample-binary project_id=smoke-project status=200
2026-04-18 20:10:49 INFO api server_message message="GET /functions/sample-binary/fn_main HTTP/1.1" 200 - project_id=smoke-project
2026-04-18 20:10:49 INFO api request_complete duration_ms=1 method=GET path=/functions/sample-binary/fn_main project_id=smoke-project status=200
2026-04-18 20:10:49 INFO api server_message message="GET /structures?binary_id=sample-binary HTTP/1.1" 200 - project_id=smoke-project
2026-04-18 20:10:49 INFO api request_complete duration_ms=1 method=GET path=/structures?binary_id=sample-binary project_id=smoke-project status=200
2026-04-18 20:10:49 INFO api server_message message="GET /global-hypotheses HTTP/1.1" 200 - project_id=smoke-project
2026-04-18 20:10:49 INFO api request_complete duration_ms=1 method=GET path=/global-hypotheses project_id=smoke-project status=200
2026-04-18 20:10:49 INFO api server_message message="GET /evidence?entity_type=function&entity_id=fn_main HTTP/1.1" 200 - project_id=smoke-project
2026-04-18 20:10:49 INFO api request_complete duration_ms=0 method=GET path=/evidence?entity_type=function&entity_id=fn_main project_id=smoke-project status=200
2026-04-18 20:10:49 INFO api server_message message="GET /relations?entity_type=function&entity_id=fn_main&direction=both HTTP/1.1" 200 - project_id=smoke-project
2026-04-18 20:10:49 INFO api request_complete duration_ms=0 method=GET path=/relations?entity_type=function&entity_id=fn_main&direction=both project_id=smoke-project status=200
2026-04-18 20:10:49 INFO api server_message message="GET /related?entity_type=function&entity_id=fn_main&hops=1 HTTP/1.1" 200 - project_id=smoke-project
2026-04-18 20:10:49 INFO api request_complete duration_ms=0 method=GET path=/related?entity_type=function&entity_id=fn_main&hops=1 project_id=smoke-project status=200
2026-04-18 20:10:49 INFO services pending_created entity_id=fn_helper entity_type=function operation=upsert_function pending_change_id=64150135-184f-4c48-acdd-bc729580f60b project_id=smoke-project
2026-04-18 20:10:49 INFO api server_message message="POST /functions HTTP/1.1" 202 - project_id=smoke-project
2026-04-18 20:10:49 INFO api request_complete duration_ms=5 method=POST path=/functions project_id=smoke-project status=202
2026-04-18 20:10:49 INFO api server_message message="GET /pending-changes HTTP/1.1" 200 - project_id=smoke-project
2026-04-18 20:10:49 INFO api request_complete duration_ms=9 method=GET path=/pending-changes project_id=smoke-project status=200
2026-04-18 20:10:49 INFO services function_upserted actor_type=user address=0x401100 binary_id=sample-binary function_id=fn_helper mode=clean project_id=smoke-project
2026-04-18 20:10:49 INFO services pending_confirmed actor_type=user operation=upsert_function pending_change_id=64150135-184f-4c48-acdd-bc729580f60b project_id=smoke-project
2026-04-18 20:10:49 INFO api server_message message="POST /pending-changes/64150135-184f-4c48-acdd-bc729580f60b/confirm HTTP/1.1" 201 - project_id=smoke-project
2026-04-18 20:10:49 INFO api request_complete duration_ms=7 method=POST path=/pending-changes/64150135-184f-4c48-acdd-bc729580f60b/confirm project_id=smoke-project status=201
2026-04-18 20:10:49 INFO api server_message message="POST /search HTTP/1.1" 200 - project_id=smoke-project
2026-04-18 20:10:49 INFO api request_complete duration_ms=8 method=POST path=/search project_id=smoke-project status=200
2026-04-18 20:10:49 INFO api server_message message="GET /health HTTP/1.1" 200 - project_id=smoke-project
2026-04-18 20:10:49 INFO api request_complete duration_ms=0 method=GET path=/health project_id=smoke-project status=200
2026-04-18 20:10:49 INFO api server_message message="GET /health HTTP/1.1" 200 - project_id=smoke-project
2026-04-18 20:10:49 INFO api request_complete duration_ms=0 method=GET path=/health project_id=smoke-project status=200
2026-04-18 20:10:50 INFO api server_message message="GET /health HTTP/1.1" 200 - project_id=smoke-project
2026-04-18 20:10:50 INFO api request_complete duration_ms=0 method=GET path=/health project_id=smoke-project status=200
2026-04-18 20:10:50 INFO api server_message message="GET /health HTTP/1.1" 200 - project_id=smoke-project
2026-04-18 20:10:50 INFO api request_complete duration_ms=0 method=GET path=/health project_id=smoke-project status=200
2026-04-18 20:10:51 INFO api server_message message="GET /ui/ HTTP/1.1" 200 - project_id=smoke-project
2026-04-18 20:10:51 INFO api request_complete duration_ms=2 method=GET path=/ui/ project_id=smoke-project status=200
2026-04-18 20:10:51 INFO api server_message message="GET /ui/?lang=ru HTTP/1.1" 200 - project_id=smoke-project
2026-04-18 20:10:51 INFO api request_complete duration_ms=2 method=GET path=/ui/?lang=ru project_id=smoke-project status=200
2026-04-18 20:10:51 INFO api server_message message="GET /ui/functions/new HTTP/1.1" 200 - project_id=smoke-project
2026-04-18 20:10:51 INFO api request_complete duration_ms=0 method=GET path=/ui/functions/new project_id=smoke-project status=200
2026-04-18 20:10:51 INFO api server_message message="GET /ui/structures/new HTTP/1.1" 200 - project_id=smoke-project
2026-04-18 20:10:51 INFO api request_complete duration_ms=0 method=GET path=/ui/structures/new project_id=smoke-project status=200
2026-04-18 20:10:51 INFO api server_message message="GET /ui/search?q=main_handler&entity_type=function HTTP/1.1" 200 - project_id=smoke-project
2026-04-18 20:10:51 INFO api request_complete duration_ms=2 method=GET path=/ui/search?q=main_handler&entity_type=function project_id=smoke-project status=200
2026-04-18 20:10:51 INFO api server_message message="GET /ui/functions/sample-binary/fn_main HTTP/1.1" 200 - project_id=smoke-project
2026-04-18 20:10:51 INFO api request_complete duration_ms=1 method=GET path=/ui/functions/sample-binary/fn_main project_id=smoke-project status=200
2026-04-18 20:10:51 INFO api server_message message="GET /ui/functions/sample-binary/fn_main/history HTTP/1.1" 200 - project_id=smoke-project
2026-04-18 20:10:51 INFO api request_complete duration_ms=1 method=GET path=/ui/functions/sample-binary/fn_main/history project_id=smoke-project status=200
2026-04-18 20:10:51 INFO api server_message message="GET /ui/global-hypotheses/new HTTP/1.1" 200 - project_id=smoke-project
2026-04-18 20:10:51 INFO api request_complete duration_ms=0 method=GET path=/ui/global-hypotheses/new project_id=smoke-project status=200
2026-04-18 20:10:51 INFO api server_message message="GET /ui/pending HTTP/1.1" 200 - project_id=smoke-project
2026-04-18 20:10:51 INFO api request_complete duration_ms=0 method=GET path=/ui/pending project_id=smoke-project status=200
2026-04-18 20:10:51 INFO api server_message message="GET /ui/audit HTTP/1.1" 200 - project_id=smoke-project
2026-04-18 20:10:51 INFO api request_complete duration_ms=3 method=GET path=/ui/audit project_id=smoke-project status=200
2026-04-18 20:10:51 INFO ui structure_form_submit mode=new project_id=smoke-project structure_id=struct_form_pending write_mode=confirm
2026-04-18 20:10:51 INFO services pending_created entity_id=struct_form_pending entity_type=structure operation=upsert_structure pending_change_id=87a09b5f-fb97-4c5b-b9f1-c07a14389703 project_id=smoke-project
2026-04-18 20:10:51 INFO ui structure_form_queued project_id=smoke-project structure_id=struct_form_pending
2026-04-18 20:10:51 INFO api server_message message="POST /ui/structures/new HTTP/1.1" 303 - project_id=smoke-project
2026-04-18 20:10:51 INFO api request_complete duration_ms=5 method=POST path=/ui/structures/new project_id=smoke-project status=303
2026-04-18 20:10:51 INFO api server_message message="GET /ui/pending?flash=queued&lang=en HTTP/1.1" 200 - project_id=smoke-project
2026-04-18 20:10:51 INFO api request_complete duration_ms=6 method=GET path=/ui/pending?flash=queued&lang=en project_id=smoke-project status=200
2026-04-18 20:10:51 INFO ui global_hypothesis_form_submit hypothesis_id=gh_form_pending mode=new project_id=smoke-project write_mode=confirm
2026-04-18 20:10:51 INFO services pending_created entity_id=gh_form_pending entity_type=global_hypothesis operation=upsert_global_hypothesis pending_change_id=9dc6169e-fd92-411f-9723-aa01ff2063c9 project_id=smoke-project
2026-04-18 20:10:51 INFO ui global_hypothesis_form_queued hypothesis_id=gh_form_pending project_id=smoke-project
2026-04-18 20:10:51 INFO api server_message message="POST /ui/global-hypotheses/new HTTP/1.1" 303 - project_id=smoke-project
2026-04-18 20:10:51 INFO api request_complete duration_ms=4 method=POST path=/ui/global-hypotheses/new project_id=smoke-project status=303
2026-04-18 20:10:51 INFO api server_message message="GET /ui/pending?flash=queued&lang=en HTTP/1.1" 200 - project_id=smoke-project
2026-04-18 20:10:51 INFO api request_complete duration_ms=5 method=GET path=/ui/pending?flash=queued&lang=en project_id=smoke-project status=200
2026-04-18 20:10:51 INFO services pending_created entity_id=fn_html_helper entity_type=function operation=upsert_function pending_change_id=46d738d6-f337-48de-8972-4b610cfbef58 project_id=smoke-project
2026-04-18 20:10:51 INFO api server_message message="POST /functions HTTP/1.1" 202 - project_id=smoke-project
2026-04-18 20:10:51 INFO api request_complete duration_ms=4 method=POST path=/functions project_id=smoke-project status=202
2026-04-18 20:10:51 INFO services function_upserted actor_type=user address=0x401180 binary_id=sample-binary function_id=fn_html_helper mode=clean project_id=smoke-project
2026-04-18 20:10:51 INFO services pending_confirmed actor_type=user operation=upsert_function pending_change_id=46d738d6-f337-48de-8972-4b610cfbef58 project_id=smoke-project
2026-04-18 20:10:51 INFO ui pending_confirmed pending_change_id=46d738d6-f337-48de-8972-4b610cfbef58 project_id=smoke-project
2026-04-18 20:10:51 INFO api server_message message="POST /ui/pending/46d738d6-f337-48de-8972-4b610cfbef58/confirm HTTP/1.1" 303 - project_id=smoke-project
2026-04-18 20:10:51 INFO api request_complete duration_ms=11 method=POST path=/ui/pending/46d738d6-f337-48de-8972-4b610cfbef58/confirm project_id=smoke-project status=303
2026-04-18 20:10:51 INFO api server_message message="GET /ui/pending?flash=confirmed&lang=en HTTP/1.1" 200 - project_id=smoke-project
2026-04-18 20:10:51 INFO api request_complete duration_ms=5 method=GET path=/ui/pending?flash=confirmed&lang=en project_id=smoke-project status=200
2026-04-18 20:10:54 INFO api server_start host=127.0.0.1 port=18765 project_id=smoke-project
2026-04-18 20:10:54 INFO api server_message message="GET /health HTTP/1.1" 200 - project_id=smoke-project
2026-04-18 20:10:54 INFO api request_complete duration_ms=0 method=GET path=/health project_id=smoke-project status=200
2026-04-18 20:10:54 INFO api server_message message="GET /health HTTP/1.1" 200 - project_id=smoke-project
2026-04-18 20:10:54 INFO api request_complete duration_ms=0 method=GET path=/health project_id=smoke-project status=200
2026-04-18 20:36:08 INFO api server_message message="GET /health HTTP/1.1" 200 - project_id=smoke-project
2026-04-18 20:36:08 INFO api request_complete duration_ms=0 method=GET path=/health project_id=smoke-project status=200
2026-04-18 20:36:10 INFO api server_message message="GET /health HTTP/1.1" 200 - project_id=smoke-project
2026-04-18 20:36:10 INFO api request_complete duration_ms=0 method=GET path=/health project_id=smoke-project status=200
2026-04-18 20:36:10 INFO api server_message message="GET /health HTTP/1.1" 200 - project_id=smoke-project
2026-04-18 20:36:10 INFO api request_complete duration_ms=0 method=GET path=/health project_id=smoke-project status=200
2026-04-18 20:36:11 INFO api server_message message="GET /health HTTP/1.1" 200 - project_id=smoke-project
2026-04-18 20:36:11 INFO api request_complete duration_ms=0 method=GET path=/health project_id=smoke-project status=200
2026-04-18 20:36:11 INFO api server_message message="GET /health HTTP/1.1" 200 - project_id=smoke-project
2026-04-18 20:36:11 INFO api request_complete duration_ms=0 method=GET path=/health project_id=smoke-project status=200
2026-04-18 20:39:48 INFO api server_message message="GET /health HTTP/1.1" 200 - project_id=smoke-project
2026-04-18 20:39:48 INFO api request_complete duration_ms=0 method=GET path=/health project_id=smoke-project status=200
2026-04-18 20:39:50 INFO api server_message message="GET /health HTTP/1.1" 200 - project_id=smoke-project
2026-04-18 20:39:50 INFO api request_complete duration_ms=0 method=GET path=/health project_id=smoke-project status=200
2026-04-18 20:39:50 INFO api server_message message="GET /health HTTP/1.1" 200 - project_id=smoke-project
2026-04-18 20:39:50 INFO api request_complete duration_ms=0 method=GET path=/health project_id=smoke-project status=200
2026-04-18 20:39:52 INFO api server_message message="GET /health HTTP/1.1" 200 - project_id=smoke-project
2026-04-18 20:39:52 INFO api request_complete duration_ms=0 method=GET path=/health project_id=smoke-project status=200
2026-04-18 20:41:26 INFO api server_message message="GET /health HTTP/1.1" 200 - project_id=smoke-project
2026-04-18 20:41:26 INFO api request_complete duration_ms=0 method=GET path=/health project_id=smoke-project status=200
2026-04-18 20:41:27 INFO api server_message message="GET /health HTTP/1.1" 200 - project_id=smoke-project
2026-04-18 20:41:27 INFO api request_complete duration_ms=0 method=GET path=/health project_id=smoke-project status=200
2026-04-18 20:41:27 INFO api server_message message="GET /health HTTP/1.1" 200 - project_id=smoke-project
2026-04-18 20:41:27 INFO api request_complete duration_ms=0 method=GET path=/health project_id=smoke-project status=200
2026-04-18 20:41:29 INFO api server_message message="GET /health HTTP/1.1" 200 - project_id=smoke-project
2026-04-18 20:41:29 INFO api request_complete duration_ms=0 method=GET path=/health project_id=smoke-project status=200
2026-04-18 20:43:04 INFO api server_message message="GET /health HTTP/1.1" 200 - project_id=smoke-project
2026-04-18 20:43:04 INFO api request_complete duration_ms=0 method=GET path=/health project_id=smoke-project status=200
2026-04-18 20:43:05 INFO api server_message message="GET /health HTTP/1.1" 200 - project_id=smoke-project
2026-04-18 20:43:05 INFO api request_complete duration_ms=0 method=GET path=/health project_id=smoke-project status=200
2026-04-18 20:43:05 INFO api server_message message="GET /health HTTP/1.1" 200 - project_id=smoke-project
2026-04-18 20:43:05 INFO api request_complete duration_ms=0 method=GET path=/health project_id=smoke-project status=200
2026-04-18 20:43:07 INFO api server_message message="GET /health HTTP/1.1" 200 - project_id=smoke-project
2026-04-18 20:43:07 INFO api request_complete duration_ms=0 method=GET path=/health project_id=smoke-project status=200
2026-04-18 20:45:55 INFO api server_message message="GET /health HTTP/1.1" 200 - project_id=smoke-project
2026-04-18 20:45:55 INFO api request_complete duration_ms=0 method=GET path=/health project_id=smoke-project status=200
2026-04-18 20:45:57 INFO api server_message message="GET /health HTTP/1.1" 200 - project_id=smoke-project
2026-04-18 20:45:57 INFO api request_complete duration_ms=0 method=GET path=/health project_id=smoke-project status=200
2026-04-18 20:45:57 INFO api server_message message="GET /health HTTP/1.1" 200 - project_id=smoke-project
2026-04-18 20:45:57 INFO api request_complete duration_ms=0 method=GET path=/health project_id=smoke-project status=200
2026-04-18 20:45:59 INFO api server_message message="GET /health HTTP/1.1" 200 - project_id=smoke-project
2026-04-18 20:45:59 INFO api request_complete duration_ms=0 method=GET path=/health project_id=smoke-project status=200
2026-04-18 20:47:29 INFO api server_message message="GET /health HTTP/1.1" 200 - project_id=smoke-project
2026-04-18 20:47:29 INFO api request_complete duration_ms=0 method=GET path=/health project_id=smoke-project status=200
2026-04-18 20:47:31 INFO api server_message message="GET /health HTTP/1.1" 200 - project_id=smoke-project
2026-04-18 20:47:31 INFO api request_complete duration_ms=0 method=GET path=/health project_id=smoke-project status=200
2026-04-18 20:47:31 INFO api server_message message="GET /health HTTP/1.1" 200 - project_id=smoke-project
2026-04-18 20:47:31 INFO api request_complete duration_ms=0 method=GET path=/health project_id=smoke-project status=200
2026-04-18 20:47:32 INFO api server_message message="GET /health HTTP/1.1" 200 - project_id=smoke-project
2026-04-18 20:47:32 INFO api request_complete duration_ms=0 method=GET path=/health project_id=smoke-project status=200
2026-04-18 23:09:50 INFO api server_message message="GET /health HTTP/1.1" 200 - project_id=smoke-project
2026-04-18 23:09:50 INFO api request_complete duration_ms=0 method=GET path=/health project_id=smoke-project status=200
2026-04-18 23:09:51 INFO api server_message message="GET /health HTTP/1.1" 200 - project_id=smoke-project
2026-04-18 23:09:51 INFO api request_complete duration_ms=0 method=GET path=/health project_id=smoke-project status=200
2026-04-18 23:09:51 INFO api server_message message="GET /health HTTP/1.1" 200 - project_id=smoke-project
2026-04-18 23:09:51 INFO api request_complete duration_ms=0 method=GET path=/health project_id=smoke-project status=200
2026-04-18 23:09:52 INFO api server_message message="GET /health HTTP/1.1" 200 - project_id=smoke-project
2026-04-18 23:09:52 INFO api request_complete duration_ms=0 method=GET path=/health project_id=smoke-project status=200
